Starting Dynare (version 4.4.3).
Starting preprocessing of the model file ...
Found 8 equation(s).
Evaluating expressions...done
Computing static model derivatives:
 - order 1
Computing dynamic model derivatives:
 - order 1
Processing outputs ...done
Preprocessing completed.
Starting MATLAB/Octave computing.




Residuals of the static equations:

Equation number 1 : 0
Equation number 2 : 0
Equation number 3 : 0
Equation number 4 : 0
Equation number 5 : 0
Equation number 6 : 0
Equation number 7 : 0
Equation number 8 : 0



STEADY-STATE RESULTS:

C  		 -0.13881
w  		 -0.332108
pi 		 0
A  		 0
N  		 -0.207179
R  		 0.0100503
r  		 0.0100503
Y  		 -0.13881

EIGENVALUES:
         Modulus             Real        Imaginary

             0.9              0.9                0
             1.5              1.5                0
       1.474e+16        1.474e+16                0


There are 2 eigenvalue(s) larger than 1 in modulus 
for 2 forward-looking variable(s)

The rank condition is verified.


MODEL SUMMARY

  Number of variables:         8
  Number of stochastic shocks: 2
  Number of state variables:   1
  Number of jumpers:           2
  Number of static variables:  5


MATRIX OF COVARIANCE OF EXOGENOUS SHOCKS

Variables     eps_A     eps_m  
eps_A        1.000000  0.000000
eps_m        0.000000  1.000000

POLICY AND TRANSITION FUNCTIONS
                                      Y               C               pi              R               r               N 
Constant                   -0.138810       -0.138810               0        0.010050        0.010050       -0.207179
A(-1)                       0.931195        0.931195       -0.915675       -0.907915       -0.083808        0.046560
eps_A                       1.034661        1.034661       -1.017417       -1.008795       -0.093120        0.051733
eps_m                              0               0       -0.666667               0               0               0


THEORETICAL MOMENTS

VARIABLE      MEAN    STD. DEV.   VARIANCE 
Y             -0.1388     2.3737     5.6343
C             -0.1388     2.3737     5.6343
pi             0.0000     2.4275     5.8925
R              0.0101     2.3143     5.3561
r              0.0101     0.2136     0.0456
N             -0.2072     0.1187     0.0141



VARIANCE DECOMPOSITION (in percent)

      eps_A  eps_m 
Y    100.00   0.00
C    100.00   0.00
pi    92.46   7.54
R    100.00   0.00
r    100.00   0.00
N    100.00   0.00



MATRIX OF CORRELATIONS

Variables      Y       C      pi       R       r       N   
Y            1.0000  1.0000 -0.9615 -1.0000 -1.0000  1.0000
C            1.0000  1.0000 -0.9615 -1.0000 -1.0000  1.0000
pi          -0.9615 -0.9615  1.0000  0.9615  0.9615 -0.9615
R           -1.0000 -1.0000  0.9615  1.0000  1.0000 -1.0000
r           -1.0000 -1.0000  0.9615  1.0000  1.0000 -1.0000
N            1.0000  1.0000 -0.9615 -1.0000 -1.0000  1.0000



COEFFICIENTS OF AUTOCORRELATION

Order      1       2       3       4       5   
Y        0.9000  0.8100  0.7290  0.6561  0.5905
C        0.9000  0.8100  0.7290  0.6561  0.5905
pi       0.8321  0.7489  0.6740  0.6066  0.5460
R        0.9000  0.8100  0.7290  0.6561  0.5905
r        0.9000  0.8100  0.7290  0.6561  0.5905
N        0.9000  0.8100  0.7290  0.6561  0.5905
Total computing time : 0h00m07s
