Starting Dynare (version 4.4.3).
Starting preprocessing of the model file ...
Found 7 equation(s).
Evaluating expressions...done
Computing static model derivatives:
 - order 1
Computing dynamic model derivatives:
 - order 1
Processing outputs ...done
Preprocessing completed.
Starting MATLAB/Octave computing.

MODEL SUMMARY

  Number of variables:         7
  Number of stochastic shocks: 1
  Number of state variables:   1
  Number of jumpers:           3
  Number of static variables:  3


MATRIX OF COVARIANCE OF EXOGENOUS SHOCKS

Variables     eps_A  
eps_A        0.000100

POLICY AND TRANSITION FUNCTIONS
                                    pie             h               R               C               A               Util            Welf
Constant                    1.000000        1.000000        0.010101        1.000000        1.000000       -0.500000      -50.000000
A(-1)                      -0.164986       -0.179835       -0.222731        0.720165        0.900000        0.900000        8.256881
eps_A                      -0.183318       -0.199817       -0.247479        0.800183        1.000000        1.000000        9.174312


THEORETICAL MOMENTS

VARIABLE      MEAN    STD. DEV.   VARIANCE 
pie            1.0000     0.0042     0.0000
h              1.0000     0.0046     0.0000
R              0.0101     0.0057     0.0000
C              1.0000     0.0184     0.0003
A              1.0000     0.0229     0.0005
Util          -0.5000     0.0229     0.0005
Welf         -50.0000     0.2105     0.0443



MATRIX OF CORRELATIONS

Variables     pie      h       R       C       A     Util    Welf  
pie          1.0000  1.0000  1.0000 -1.0000 -1.0000 -1.0000 -1.0000
h            1.0000  1.0000  1.0000 -1.0000 -1.0000 -1.0000 -1.0000
R            1.0000  1.0000  1.0000 -1.0000 -1.0000 -1.0000 -1.0000
C           -1.0000 -1.0000 -1.0000  1.0000  1.0000  1.0000  1.0000
A           -1.0000 -1.0000 -1.0000  1.0000  1.0000  1.0000  1.0000
Util        -1.0000 -1.0000 -1.0000  1.0000  1.0000  1.0000  1.0000
Welf        -1.0000 -1.0000 -1.0000  1.0000  1.0000  1.0000  1.0000



COEFFICIENTS OF AUTOCORRELATION

Order      1       2       3       4       5   
pie      0.9000  0.8100  0.7290  0.6561  0.5905
h        0.9000  0.8100  0.7290  0.6561  0.5905
R        0.9000  0.8100  0.7290  0.6561  0.5905
C        0.9000  0.8100  0.7290  0.6561  0.5905
A        0.9000  0.8100  0.7290  0.6561  0.5905
Util     0.9000  0.8100  0.7290  0.6561  0.5905
Welf     0.9000  0.8100  0.7290  0.6561  0.5905
Total computing time : 0h00m00s
