Configuring Dynare ...
[mex] Generalized QZ.
[mex] Sylvester equation solution.
[mex] Kronecker products.
[mex] Sparse kronecker products.
[mex] Local state space iteration (second order).
[mex] Bytecode evaluation.
[mex] k-order perturbation solver.
[mex] k-order solution simulation.
[mex] Quasi Monte-Carlo sequence (Sobol).
[mex] Markov Switching SBVAR.

Starting Dynare (version 4.4.3).
Starting preprocessing of the model file ...
Ramsey Problem: added 5 Multipliers.
Found 5 equation(s).
Found 11 FOC equation(s) for Ramsey Problem.
Evaluating expressions...done
Computing static model derivatives:
 - order 1
Computing dynamic model derivatives:
 - order 1
 - order 2
Computing static model derivatives:
 - order 1
 - order 2
Processing outputs ...done
Preprocessing completed.
Starting MATLAB/Octave computing.


MODEL SUMMARY

  Number of variables:         11
  Number of stochastic shocks: 1
  Number of state variables:   4
  Number of jumpers:           3
  Number of static variables:  5


MATRIX OF COVARIANCE OF EXOGENOUS SHOCKS

Variables     eps_A  
eps_A        0.000100

POLICY AND TRANSITION FUNCTIONS
                                  R               h               pie             C               A               Util  
Constant                    0.010101        0.894427        1.000000        0.894427        1.000000       -0.511572
A(-1)                      -0.090909               0               0        0.804984        0.900000        0.900000
MULT_1(-1)                 -0.486705        0.392281        0.028171        0.392281               0        0.087717
MULT_2(-1)                 -0.705597        2.112780        0.454956        2.112780               0        0.472432
eps_A                      -0.101010               0               0        0.894427        1.000000        1.000000


THEORETICAL MOMENTS

VARIABLE      MEAN    STD. DEV.   VARIANCE 
R              0.0101     0.0023     0.0000
h              0.8944     0.0000     0.0000
pie            1.0000     0.0000     0.0000
C              0.8944     0.0205     0.0004
A              1.0000     0.0229     0.0005
Util          -0.5116     0.0229     0.0005



MATRIX OF CORRELATIONS

Variables      R       C       A     Util  
R            1.0000 -1.0000 -1.0000 -1.0000
C           -1.0000  1.0000  1.0000  1.0000
A           -1.0000  1.0000  1.0000  1.0000
Util        -1.0000  1.0000  1.0000  1.0000



COEFFICIENTS OF AUTOCORRELATION

Order      1       2       3       4       5   
R        0.9000  0.8100  0.7290  0.6561  0.5905
C        0.9000  0.8100  0.7290  0.6561  0.5905
A        0.9000  0.8100  0.7290  0.6561  0.5905
Util     0.9000  0.8100  0.7290  0.6561  0.5905

STEADY-STATE RESULTS:

R      		 0.010101
h      		 0.894427
pie    		 1
C      		 0.894427
A      		 1
Util   		 -0.511572

Approximated value of planner objective function
    - with initial Lagrange multipliers set to 0: -51.1287
    - with initial Lagrange multipliers set to steady state: -51.1572

Total computing time : 0h00m03s